-------------------------------------------------------------------------------
Test set: com.brainupgrade.aws.sdk.springbootawsjavasdk.SpringBootAwsJavaSdkApplicationTests
-------------------------------------------------------------------------------
Tests run: 1, Failures: 0, Errors: 1, Skipped: 0, Time elapsed: 0.341 s <<< FAILURE! - in com.brainupgrade.aws.sdk.springbootawsjavasdk.SpringBootAwsJavaSdkApplicationTests
com.brainupgrade.aws.sdk.springbootawsjavasdk.SpringBootAwsJavaSdkApplicationTests  Time elapsed: 0.34 s  <<< ERROR!
java.lang.IllegalStateException: Unable to find a @SpringBootConfiguration, you need to use @ContextConfiguration or @SpringBootTest(classes=...) with your test

