<?xml version="1.0" encoding="UTF-8"?>
<testsuite xmlns:xsi="http://www.w3.org/2001/XMLSchema-instance" xsi:noNamespaceSchemaLocation="https://maven.apache.org/surefire/maven-surefire-plugin/xsd/surefire-test-report.xsd" name="com.brainupgrade.aws.sdk.springbootawsjavasdk.SpringBootAwsJavaSdkApplicationTests" time="0.341" tests="1" errors="1" skipped="0" failures="0">
  <properties>
[...]
</properties>
  <testcase name="com.brainupgrade.aws.sdk.springbootawsjavasdk.SpringBootAwsJavaSdkApplicationTests" classname="com.brainupgrade.aws.sdk.springbootawsjavasdk.SpringBootAwsJavaSdkApplicationTests" time="0.34">
    <error message="Unable to find a @SpringBootConfiguration, you need to use @ContextConfiguration or @SpringBootTest(classes=...) with your test" type="java.lang.IllegalStateException">java.lang.IllegalStateException: Unable to find a @SpringBootConfiguration, you need to use @ContextConfiguration or @SpringBootTest(classes=...) with your test
</error>
    <system-out><![CDATA[11:59:25.441 [main] DEBUG org.springframework.test.context.BootstrapUtils - Instantiating CacheAwareContextLoaderDelegate from class [org.springframework.test.context.cache.DefaultCacheAwareContextLoaderDelegate]
11:59:25.462 [main] DEBUG org.springframework.test.context.BootstrapUtils - Instantiating BootstrapContext using constructor [public org.springframework.test.context.support.DefaultBootstrapContext(java.lang.Class,org.springframework.test.context.CacheAwareContextLoaderDelegate)]
11:59:25.509 [main] DEBUG org.springframework.test.context.BootstrapUtils - Instantiating TestContextBootstrapper for test class [com.brainupgrade.aws.sdk.springbootawsjavasdk.SpringBootAwsJavaSdkApplicationTests] from class [org.springframework.boot.test.context.SpringBootTestContextBootstrapper]
11:59:25.523 [main] INFO org.springframework.boot.test.context.SpringBootTestContextBootstrapper - Neither @ContextConfiguration nor @ContextHierarchy found for test class [com.brainupgrade.aws.sdk.springbootawsjavasdk.SpringBootAwsJavaSdkApplicationTests], using SpringBootContextLoader
11:59:25.528 [main] DEBUG org.springframework.test.context.support.AbstractContextLoader - Did not detect default resource location for test class [com.brainupgrade.aws.sdk.springbootawsjavasdk.SpringBootAwsJavaSdkApplicationTests]: class path resource [com/brainupgrade/aws/sdk/springbootawsjavasdk/SpringBootAwsJavaSdkApplicationTests-context.xml] does not exist
11:59:25.529 [main] DEBUG org.springframework.test.context.support.AbstractContextLoader - Did not detect default resource location for test class [com.brainupgrade.aws.sdk.springbootawsjavasdk.SpringBootAwsJavaSdkApplicationTests]: class path resource [com/brainupgrade/aws/sdk/springbootawsjavasdk/SpringBootAwsJavaSdkApplicationTestsContext.groovy] does not exist
11:59:25.529 [main] INFO org.springframework.test.context.support.AbstractContextLoader - Could not detect default resource locations for test class [com.brainupgrade.aws.sdk.springbootawsjavasdk.SpringBootAwsJavaSdkApplicationTests]: no resource found for suffixes {-context.xml, Context.groovy}.
11:59:25.530 [main] INFO org.springframework.test.context.support.AnnotationConfigContextLoaderUtils - Could not detect default configuration classes for test class [com.brainupgrade.aws.sdk.springbootawsjavasdk.SpringBootAwsJavaSdkApplicationTests]: SpringBootAwsJavaSdkApplicationTests does not declare any static, non-private, non-final, nested classes annotated with @Configuration.
11:59:25.601 [main] DEBUG org.springframework.test.context.support.ActiveProfilesUtils - Could not find an 'annotation declaring class' for annotation type [org.springframework.test.context.ActiveProfiles] and class [com.brainupgrade.aws.sdk.springbootawsjavasdk.SpringBootAwsJavaSdkApplicationTests]
]]></system-out>
  </testcase>
</testsuite>